{"numFailedTestSuites":2,"numFailedTests":3,"numPassedTestSuites":1,"numPassedTests":3,"numPendingTestSuites":0,"numPendingTests":0,"numRuntimeErrorTestSuites":0,"numTodoTests":0,"numTotalTestSuites":3,"numTotalTests":6,"openHandles":[],"snapshot":{"added":0,"didUpdate":false,"failure":false,"filesAdded":0,"filesRemoved":0,"filesRemovedList":[],"filesUnmatched":0,"filesUpdated":0,"matched":0,"total":0,"unchecked":0,"uncheckedKeysByFile":[],"unmatched":0,"updated":0},"startTime":1770674764889,"success":false,"testResults":[{"assertionResults":[{"ancestorTitles":["auth smoke"],"duration":802,"failureDetails":[{"name":"TSError","diagnosticText":"\u001b[96msrc/index.ts\u001b[0m:\u001b[93m27\u001b[0m:\u001b[93m34\u001b[0m - \u001b[91merror\u001b[0m\u001b[90m TS1343: \u001b[0mThe 'import.meta' meta-property is only allowed when the '--module' option is 'es2020', 'es2022', 'esnext', 'system', 'node16', 'node18', 'node20', or 'nodenext'.\n\n\u001b[7m27\u001b[0m const __filename = fileURLToPath(import.meta.url);\n\u001b[7m  \u001b[0m \u001b[91m                                 ~~~~~~~~~~~\u001b[0m\n\u001b[96msrc/index.ts\u001b[0m:\u001b[93m211\u001b[0m:\u001b[93m26\u001b[0m - \u001b[91merror\u001b[0m\u001b[90m TS1343: \u001b[0mThe 'import.meta' meta-property is only allowed when the '--module' option is 'es2020', 'es2022', 'esnext', 'system', 'node16', 'node18', 'node20', or 'nodenext'.\n\n\u001b[7m211\u001b[0m     return fileURLToPath(import.meta.url) === path.resolve(process.argv[1]);\n\u001b[7m   \u001b[0m \u001b[91m                         ~~~~~~~~~~~\u001b[0m\n","diagnosticCodes":[1343,1343]}],"failureMessages":[""],"fullName":"auth smoke signup sets auth cookies","invocations":1,"location":null,"numPassingAsserts":0,"retryReasons":[],"status":"failed","title":"signup sets auth cookies"},{"ancestorTitles":["auth smoke"],"duration":21,"failureDetails":[{"name":"TSError","diagnosticText":"\u001b[96msrc/index.ts\u001b[0m:\u001b[93m27\u001b[0m:\u001b[93m34\u001b[0m - \u001b[91merror\u001b[0m\u001b[90m TS1343: \u001b[0mThe 'import.meta' meta-property is only allowed when the '--module' option is 'es2020', 'es2022', 'esnext', 'system', 'node16', 'node18', 'node20', or 'nodenext'.\n\n\u001b[7m27\u001b[0m const __filename = fileURLToPath(import.meta.url);\n\u001b[7m  \u001b[0m \u001b[91m                                 ~~~~~~~~~~~\u001b[0m\n\u001b[96msrc/index.ts\u001b[0m:\u001b[93m211\u001b[0m:\u001b[93m26\u001b[0m - \u001b[91merror\u001b[0m\u001b[90m TS1343: \u001b[0mThe 'import.meta' meta-property is only allowed when the '--module' option is 'es2020', 'es2022', 'esnext', 'system', 'node16', 'node18', 'node20', or 'nodenext'.\n\n\u001b[7m211\u001b[0m     return fileURLToPath(import.meta.url) === path.resolve(process.argv[1]);\n\u001b[7m   \u001b[0m \u001b[91m                         ~~~~~~~~~~~\u001b[0m\n","diagnosticCodes":[1343,1343]}],"failureMessages":[""],"fullName":"auth smoke login returns 200 and sets cookies","invocations":1,"location":null,"numPassingAsserts":0,"retryReasons":[],"status":"failed","title":"login returns 200 and sets cookies"}],"endTime":1770674767107,"message":"  ● auth smoke › signup sets auth cookies\n\n\n\n\n\n  ● auth smoke › login returns 200 and sets cookies\n\n\n\n\n","name":"C:\\projectss\\local\\backe\\src\\__tests__\\auth.smoke.test.ts","startTime":1770674765120,"status":"failed","summary":""},{"assertionResults":[{"ancestorTitles":["upload smoke"],"duration":21,"failureDetails":[{"name":"TSError","diagnosticText":"\u001b[96msrc/index.ts\u001b[0m:\u001b[93m27\u001b[0m:\u001b[93m34\u001b[0m - \u001b[91merror\u001b[0m\u001b[90m TS1343: \u001b[0mThe 'import.meta' meta-property is only allowed when the '--module' option is 'es2020', 'es2022', 'esnext', 'system', 'node16', 'node18', 'node20', or 'nodenext'.\n\n\u001b[7m27\u001b[0m const __filename = fileURLToPath(import.meta.url);\n\u001b[7m  \u001b[0m \u001b[91m                                 ~~~~~~~~~~~\u001b[0m\n\u001b[96msrc/index.ts\u001b[0m:\u001b[93m211\u001b[0m:\u001b[93m26\u001b[0m - \u001b[91merror\u001b[0m\u001b[90m TS1343: \u001b[0mThe 'import.meta' meta-property is only allowed when the '--module' option is 'es2020', 'es2022', 'esnext', 'system', 'node16', 'node18', 'node20', or 'nodenext'.\n\n\u001b[7m211\u001b[0m     return fileURLToPath(import.meta.url) === path.resolve(process.argv[1]);\n\u001b[7m   \u001b[0m \u001b[91m                         ~~~~~~~~~~~\u001b[0m\n","diagnosticCodes":[1343,1343]}],"failureMessages":[""],"fullName":"upload smoke authenticated upload succeeds","invocations":1,"location":null,"numPassingAsserts":0,"retryReasons":[],"status":"failed","title":"authenticated upload succeeds"}],"endTime":1770674767177,"message":"  ● upload smoke › authenticated upload succeeds\n\n\n\n\n","name":"C:\\projectss\\local\\backe\\src\\__tests__\\upload.smoke.test.ts","startTime":1770674767111,"status":"failed","summary":""},{"assertionResults":[{"ancestorTitles":["socket auth smoke"],"duration":3,"failureDetails":[],"failureMessages":[],"fullName":"socket auth smoke accepts Bearer token","invocations":1,"location":null,"numPassingAsserts":1,"retryReasons":[],"status":"passed","title":"accepts Bearer token"},{"ancestorTitles":["socket auth smoke"],"duration":1,"failureDetails":[],"failureMessages":[],"fullName":"socket auth smoke accepts cookie token","invocations":1,"location":null,"numPassingAsserts":1,"retryReasons":[],"status":"passed","title":"accepts cookie token"},{"ancestorTitles":["socket auth smoke"],"duration":10,"failureDetails":[],"failureMessages":[],"fullName":"socket auth smoke rejects missing token","invocations":1,"location":null,"numPassingAsserts":1,"retryReasons":[],"status":"passed","title":"rejects missing token"}],"endTime":1770674767700,"message":"","name":"C:\\projectss\\local\\backe\\src\\__tests__\\socket-auth.smoke.test.ts","startTime":1770674767180,"status":"passed","summary":""}],"wasInterrupted":false}
