{"numFailedTestSuites":2,"numFailedTests":7,"numPassedTestSuites":2,"numPassedTests":5,"numPendingTestSuites":0,"numPendingTests":0,"numRuntimeErrorTestSuites":0,"numTodoTests":0,"numTotalTestSuites":4,"numTotalTests":12,"openHandles":[],"snapshot":{"added":0,"didUpdate":false,"failure":false,"filesAdded":0,"filesRemoved":0,"filesRemovedList":[],"filesUnmatched":0,"filesUpdated":0,"matched":0,"total":0,"unchecked":0,"uncheckedKeysByFile":[],"unmatched":0,"updated":0},"startTime":1773951044074,"success":false,"testResults":[{"assertionResults":[{"ancestorTitles":["auth smoke"],"duration":1330,"failureDetails":[{"name":"TSError","diagnosticText":"\u001b[96msrc/index.ts\u001b[0m:\u001b[93m9\u001b[0m:\u001b[93m38\u001b[0m - \u001b[91merror\u001b[0m\u001b[90m TS1343: \u001b[0mThe 'import.meta' meta-property is only allowed when the '--module' option is 'es2020', 'es2022', 'esnext', 'system', 'node16', 'node18', 'node20', or 'nodenext'.\n\n\u001b[7m9\u001b[0m     fileURLToPath(new URL('../.env', import.meta.url)),\n\u001b[7m \u001b[0m \u001b[91m                                     ~~~~~~~~~~~\u001b[0m\n","diagnosticCodes":[1343]}],"failureMessages":[""],"fullName":"auth smoke signup sets auth cookies","invocations":1,"location":null,"numPassingAsserts":0,"retryReasons":[],"status":"failed","title":"signup sets auth cookies"},{"ancestorTitles":["auth smoke"],"duration":315,"failureDetails":[{"name":"TSError","diagnosticText":"\u001b[96msrc/index.ts\u001b[0m:\u001b[93m9\u001b[0m:\u001b[93m38\u001b[0m - \u001b[91merror\u001b[0m\u001b[90m TS1343: \u001b[0mThe 'import.meta' meta-property is only allowed when the '--module' option is 'es2020', 'es2022', 'esnext', 'system', 'node16', 'node18', 'node20', or 'nodenext'.\n\n\u001b[7m9\u001b[0m     fileURLToPath(new URL('../.env', import.meta.url)),\n\u001b[7m \u001b[0m \u001b[91m                                     ~~~~~~~~~~~\u001b[0m\n","diagnosticCodes":[1343]}],"failureMessages":[""],"fullName":"auth smoke login returns 200 and sets cookies","invocations":1,"location":null,"numPassingAsserts":0,"retryReasons":[],"status":"failed","title":"login returns 200 and sets cookies"},{"ancestorTitles":["auth smoke"],"duration":17,"failureDetails":[{"name":"TSError","diagnosticText":"\u001b[96msrc/index.ts\u001b[0m:\u001b[93m9\u001b[0m:\u001b[93m38\u001b[0m - \u001b[91merror\u001b[0m\u001b[90m TS1343: \u001b[0mThe 'import.meta' meta-property is only allowed when the '--module' option is 'es2020', 'es2022', 'esnext', 'system', 'node16', 'node18', 'node20', or 'nodenext'.\n\n\u001b[7m9\u001b[0m     fileURLToPath(new URL('../.env', import.meta.url)),\n\u001b[7m \u001b[0m \u001b[91m                                     ~~~~~~~~~~~\u001b[0m\n","diagnosticCodes":[1343]}],"failureMessages":[""],"fullName":"auth smoke lockout triggers after 5 wrong passwords","invocations":1,"location":null,"numPassingAsserts":0,"retryReasons":[],"status":"failed","title":"lockout triggers after 5 wrong passwords"},{"ancestorTitles":["auth smoke"],"duration":14,"failureDetails":[{"name":"TSError","diagnosticText":"\u001b[96msrc/index.ts\u001b[0m:\u001b[93m9\u001b[0m:\u001b[93m38\u001b[0m - \u001b[91merror\u001b[0m\u001b[90m TS1343: \u001b[0mThe 'import.meta' meta-property is only allowed when the '--module' option is 'es2020', 'es2022', 'esnext', 'system', 'node16', 'node18', 'node20', or 'nodenext'.\n\n\u001b[7m9\u001b[0m     fileURLToPath(new URL('../.env', import.meta.url)),\n\u001b[7m \u001b[0m \u001b[91m                                     ~~~~~~~~~~~\u001b[0m\n","diagnosticCodes":[1343]}],"failureMessages":[""],"fullName":"auth smoke forgot/reset password flow","invocations":1,"location":null,"numPassingAsserts":0,"retryReasons":[],"status":"failed","title":"forgot/reset password flow"},{"ancestorTitles":["auth smoke"],"duration":14,"failureDetails":[{"name":"TSError","diagnosticText":"\u001b[96msrc/index.ts\u001b[0m:\u001b[93m9\u001b[0m:\u001b[93m38\u001b[0m - \u001b[91merror\u001b[0m\u001b[90m TS1343: \u001b[0mThe 'import.meta' meta-property is only allowed when the '--module' option is 'es2020', 'es2022', 'esnext', 'system', 'node16', 'node18', 'node20', or 'nodenext'.\n\n\u001b[7m9\u001b[0m     fileURLToPath(new URL('../.env', import.meta.url)),\n\u001b[7m \u001b[0m \u001b[91m                                     ~~~~~~~~~~~\u001b[0m\n","diagnosticCodes":[1343]}],"failureMessages":[""],"fullName":"auth smoke request and delete account using password + OTP","invocations":1,"location":null,"numPassingAsserts":0,"retryReasons":[],"status":"failed","title":"request and delete account using password + OTP"},{"ancestorTitles":["auth smoke"],"duration":18,"failureDetails":[{"name":"TSError","diagnosticText":"\u001b[96msrc/index.ts\u001b[0m:\u001b[93m9\u001b[0m:\u001b[93m38\u001b[0m - \u001b[91merror\u001b[0m\u001b[90m TS1343: \u001b[0mThe 'import.meta' meta-property is only allowed when the '--module' option is 'es2020', 'es2022', 'esnext', 'system', 'node16', 'node18', 'node20', or 'nodenext'.\n\n\u001b[7m9\u001b[0m     fileURLToPath(new URL('../.env', import.meta.url)),\n\u001b[7m \u001b[0m \u001b[91m                                     ~~~~~~~~~~~\u001b[0m\n","diagnosticCodes":[1343]}],"failureMessages":[""],"fullName":"auth smoke request and perform username change using password + OTP","invocations":1,"location":null,"numPassingAsserts":0,"retryReasons":[],"status":"failed","title":"request and perform username change using password + OTP"}],"endTime":1773951047496,"message":"  ● auth smoke › signup sets auth cookies\n\n\n\n\n\n  ● auth smoke › login returns 200 and sets cookies\n\n\n\n\n\n  ● auth smoke › lockout triggers after 5 wrong passwords\n\n\n\n\n\n  ● auth smoke › forgot/reset password flow\n\n\n\n\n\n  ● auth smoke › request and delete account using password + OTP\n\n\n\n\n\n  ● auth smoke › request and perform username change using password + OTP\n\n\n\n\n","name":"C:\\projectss\\local\\backe\\src\\__tests__\\auth.smoke.test.ts","startTime":1773951044317,"status":"failed","summary":""},{"assertionResults":[{"ancestorTitles":["upload smoke"],"duration":107,"failureDetails":[{"name":"TSError","diagnosticText":"\u001b[96msrc/index.ts\u001b[0m:\u001b[93m9\u001b[0m:\u001b[93m38\u001b[0m - \u001b[91merror\u001b[0m\u001b[90m TS1343: \u001b[0mThe 'import.meta' meta-property is only allowed when the '--module' option is 'es2020', 'es2022', 'esnext', 'system', 'node16', 'node18', 'node20', or 'nodenext'.\n\n\u001b[7m9\u001b[0m     fileURLToPath(new URL('../.env', import.meta.url)),\n\u001b[7m \u001b[0m \u001b[91m                                     ~~~~~~~~~~~\u001b[0m\n","diagnosticCodes":[1343]}],"failureMessages":[""],"fullName":"upload smoke authenticated upload succeeds","invocations":1,"location":null,"numPassingAsserts":0,"retryReasons":[],"status":"failed","title":"authenticated upload succeeds"}],"endTime":1773951047643,"message":"  ● upload smoke › authenticated upload succeeds\n\n\n\n\n","name":"C:\\projectss\\local\\backe\\src\\__tests__\\upload.smoke.test.ts","startTime":1773951047501,"status":"failed","summary":""},{"assertionResults":[{"ancestorTitles":["socket auth smoke"],"duration":4,"failureDetails":[],"failureMessages":[],"fullName":"socket auth smoke accepts Bearer token","invocations":1,"location":null,"numPassingAsserts":1,"retryReasons":[],"status":"passed","title":"accepts Bearer token"},{"ancestorTitles":["socket auth smoke"],"duration":1,"failureDetails":[],"failureMessages":[],"fullName":"socket auth smoke accepts cookie token","invocations":1,"location":null,"numPassingAsserts":1,"retryReasons":[],"status":"passed","title":"accepts cookie token"},{"ancestorTitles":["socket auth smoke"],"duration":13,"failureDetails":[],"failureMessages":[],"fullName":"socket auth smoke rejects missing token","invocations":1,"location":null,"numPassingAsserts":1,"retryReasons":[],"status":"passed","title":"rejects missing token"}],"endTime":1773951047883,"message":"","name":"C:\\projectss\\local\\backe\\src\\__tests__\\socket-auth.smoke.test.ts","startTime":1773951047646,"status":"passed","summary":""},{"assertionResults":[{"ancestorTitles":["withdrawals validation"],"duration":94,"failureDetails":[],"failureMessages":[],"fullName":"withdrawals validation rejects missing account fields","invocations":1,"location":null,"numPassingAsserts":2,"retryReasons":[],"status":"passed","title":"rejects missing account fields"},{"ancestorTitles":["withdrawals validation"],"duration":0,"failureDetails":[],"failureMessages":[],"fullName":"withdrawals validation rejects when both IFSC and UPI are missing","invocations":1,"location":null,"numPassingAsserts":2,"retryReasons":[],"status":"passed","title":"rejects when both IFSC and UPI are missing"}],"endTime":1773951048015,"message":"","name":"C:\\projectss\\local\\backe\\src\\__tests__\\withdrawals.validation.test.ts","startTime":1773951047886,"status":"passed","summary":""}],"wasInterrupted":false}
