{"numFailedTestSuites":1,"numFailedTests":1,"numPassedTestSuites":0,"numPassedTests":0,"numPendingTestSuites":0,"numPendingTests":0,"numRuntimeErrorTestSuites":0,"numTodoTests":0,"numTotalTestSuites":1,"numTotalTests":1,"openHandles":[],"snapshot":{"added":0,"didUpdate":false,"failure":false,"filesAdded":0,"filesRemoved":0,"filesRemovedList":[],"filesUnmatched":0,"filesUpdated":0,"matched":0,"total":0,"unchecked":0,"uncheckedKeysByFile":[],"unmatched":0,"updated":0},"startTime":1770679667967,"success":false,"testResults":[{"assertionResults":[{"ancestorTitles":["upload smoke"],"duration":1109,"failureDetails":[{"name":"TSError","diagnosticText":"\u001b[96msrc/models/User.ts\u001b[0m:\u001b[93m138\u001b[0m:\u001b[93m3\u001b[0m - \u001b[91merror\u001b[0m\u001b[90m TS1258: \u001b[0mA default export must be at the top level of a file or module declaration.\n\n\u001b[7m138\u001b[0m   export default InMemoryUser as any;\n\u001b[7m   \u001b[0m \u001b[91m  ~~~~~~\u001b[0m\n\u001b[96msrc/models/User.ts\u001b[0m:\u001b[93m138\u001b[0m:\u001b[93m3\u001b[0m - \u001b[91merror\u001b[0m\u001b[90m TS2528: \u001b[0mA module cannot have multiple default exports.\n\n\u001b[7m138\u001b[0m   export default InMemoryUser as any;\n\u001b[7m   \u001b[0m \u001b[91m  ~~~~~~~~~~~~~~~~~~~~~~~~~~~~~~~~~~~\u001b[0m\n\n  \u001b[96msrc/models/User.ts\u001b[0m:\u001b[93m209\u001b[0m:\u001b[93m1\u001b[0m\n    \u001b[7m209\u001b[0m export default mongoose.model<IUser>('User', UserSchema);\n    \u001b[7m   \u001b[0m \u001b[96m~~~~~~~~~~~~~~~~~~~~~~~~~~~~~~~~~~~~~~~~~~~~~~~~~~~~~~~~~\u001b[0m\n    Another export default is here.\n\u001b[96msrc/models/User.ts\u001b[0m:\u001b[93m209\u001b[0m:\u001b[93m1\u001b[0m - \u001b[91merror\u001b[0m\u001b[90m TS1258: \u001b[0mA default export must be at the top level of a file or module declaration.\n\n\u001b[7m209\u001b[0m export default mongoose.model<IUser>('User', UserSchema);\n\u001b[7m   \u001b[0m \u001b[91m~~~~~~\u001b[0m\n\u001b[96msrc/models/User.ts\u001b[0m:\u001b[93m209\u001b[0m:\u001b[93m1\u001b[0m - \u001b[91merror\u001b[0m\u001b[90m TS2528: \u001b[0mA module cannot have multiple default exports.\n\n\u001b[7m209\u001b[0m export default mongoose.model<IUser>('User', UserSchema);\n\u001b[7m   \u001b[0m \u001b[91m~~~~~~~~~~~~~~~~~~~~~~~~~~~~~~~~~~~~~~~~~~~~~~~~~~~~~~~~~\u001b[0m\n\n  \u001b[96msrc/models/User.ts\u001b[0m:\u001b[93m138\u001b[0m:\u001b[93m3\u001b[0m\n    \u001b[7m138\u001b[0m   export default InMemoryUser as any;\n    \u001b[7m   \u001b[0m \u001b[96m  ~~~~~~~~~~~~~~~~~~~~~~~~~~~~~~~~~~~\u001b[0m\n    The first export default is here.\n","diagnosticCodes":[1258,2528,1258,2528]}],"failureMessages":[""],"fullName":"upload smoke authenticated upload succeeds","invocations":1,"location":null,"numPassingAsserts":0,"retryReasons":[],"status":"failed","title":"authenticated upload succeeds"}],"endTime":1770679670503,"message":"  ● upload smoke › authenticated upload succeeds\n\n\n\n\n","name":"C:\\projectss\\local\\backe\\src\\__tests__\\upload.smoke.test.ts","startTime":1770679668190,"status":"failed","summary":""}],"wasInterrupted":false}
